Analysis & Synthesis report for Bulls_and_Cows_2019265006_2019265093
Mon Jun 10 20:38:52 2024
Quartus Prime Version 18.1.0 Build 625 09/12/2018 SJ Lite Edition


---------------------
; Table of Contents ;
---------------------
  1. Legal Notice
  2. Analysis & Synthesis Summary
  3. Analysis & Synthesis Settings
  4. Parallel Compilation
  5. Analysis & Synthesis Source Files Read
  6. Analysis & Synthesis Resource Usage Summary
  7. Analysis & Synthesis Resource Utilization by Entity
  8. State Machine - |Bulls_and_Cows_2019265006_2019265093|state
  9. Registers Removed During Synthesis
 10. General Register Statistics
 11. Inverted Register Statistics
 12. Multiplexer Restructuring Statistics (Restructuring Performed)
 13. Parameter Settings for Inferred Entity Instance: lpm_divide:Mod0
 14. Post-Synthesis Netlist Statistics for Top Partition
 15. Elapsed Time Per Partition
 16. Analysis & Synthesis Messages



----------------
; Legal Notice ;
----------------
Copyright (C) 2018  Intel Corporation. All rights reserved.
Your use of Intel Corporation's design tools, logic functions 
and other software and tools, and its AMPP partner logic 
functions, and any output files from any of the foregoing 
(including device programming or simulation files), and any 
associated documentation or information are expressly subject 
to the terms and conditions of the Intel Program License 
Subscription Agreement, the Intel Quartus Prime License Agreement,
the Intel FPGA IP License Agreement, or other applicable license
agreement, including, without limitation, that your use is for
the sole purpose of programming logic devices manufactured by
Intel and sold by Intel or its authorized distributors.  Please
refer to the applicable agreement for further details.



+-------------------------------------------------------------------------------+
; Analysis & Synthesis Summary                                                  ;
+---------------------------------+---------------------------------------------+
; Analysis & Synthesis Status     ; Successful - Mon Jun 10 20:38:52 2024       ;
; Quartus Prime Version           ; 18.1.0 Build 625 09/12/2018 SJ Lite Edition ;
; Revision Name                   ; Bulls_and_Cows_2019265006_2019265093        ;
; Top-level Entity Name           ; Bulls_and_Cows_2019265006_2019265093        ;
; Family                          ; Cyclone V                                   ;
; Logic utilization (in ALMs)     ; N/A                                         ;
; Total registers                 ; 173                                         ;
; Total pins                      ; 35                                          ;
; Total virtual pins              ; 0                                           ;
; Total block memory bits         ; 0                                           ;
; Total DSP Blocks                ; 0                                           ;
; Total HSSI RX PCSs              ; 0                                           ;
; Total HSSI PMA RX Deserializers ; 0                                           ;
; Total HSSI TX PCSs              ; 0                                           ;
; Total HSSI PMA TX Serializers   ; 0                                           ;
; Total PLLs                      ; 0                                           ;
; Total DLLs                      ; 0                                           ;
+---------------------------------+---------------------------------------------+


+---------------------------------------------------------------------------------------------------------------------------------------------------------------+
; Analysis & Synthesis Settings                                                                                                                                 ;
+---------------------------------------------------------------------------------+--------------------------------------+--------------------------------------+
; Option                                                                          ; Setting                              ; Default Value                        ;
+---------------------------------------------------------------------------------+--------------------------------------+--------------------------------------+
; Device                                                                          ; 5CSEMA5F31C6                         ;                                      ;
; Top-level entity name                                                           ; Bulls_and_Cows_2019265006_2019265093 ; Bulls_and_Cows_2019265006_2019265093 ;
; Family name                                                                     ; Cyclone V                            ; Cyclone V                            ;
; Use smart compilation                                                           ; Off                                  ; Off                                  ;
; Enable parallel Assembler and Timing Analyzer during compilation                ; On                                   ; On                                   ;
; Enable compact report table                                                     ; Off                                  ; Off                                  ;
; Restructure Multiplexers                                                        ; Auto                                 ; Auto                                 ;
; MLAB Add Timing Constraints For Mixed-Port Feed-Through Mode Setting Don't Care ; Off                                  ; Off                                  ;
; Create Debugging Nodes for IP Cores                                             ; Off                                  ; Off                                  ;
; Preserve fewer node names                                                       ; On                                   ; On                                   ;
; Intel FPGA IP Evaluation Mode                                                   ; Enable                               ; Enable                               ;
; Verilog Version                                                                 ; Verilog_2001                         ; Verilog_2001                         ;
; VHDL Version                                                                    ; VHDL_1993                            ; VHDL_1993                            ;
; State Machine Processing                                                        ; Auto                                 ; Auto                                 ;
; Safe State Machine                                                              ; Off                                  ; Off                                  ;
; Extract Verilog State Machines                                                  ; On                                   ; On                                   ;
; Extract VHDL State Machines                                                     ; On                                   ; On                                   ;
; Ignore Verilog initial constructs                                               ; Off                                  ; Off                                  ;
; Iteration limit for constant Verilog loops                                      ; 5000                                 ; 5000                                 ;
; Iteration limit for non-constant Verilog loops                                  ; 250                                  ; 250                                  ;
; Add Pass-Through Logic to Inferred RAMs                                         ; On                                   ; On                                   ;
; Infer RAMs from Raw Logic                                                       ; On                                   ; On                                   ;
; Parallel Synthesis                                                              ; On                                   ; On                                   ;
; DSP Block Balancing                                                             ; Auto                                 ; Auto                                 ;
; NOT Gate Push-Back                                                              ; On                                   ; On                                   ;
; Power-Up Don't Care                                                             ; On                                   ; On                                   ;
; Remove Redundant Logic Cells                                                    ; Off                                  ; Off                                  ;
; Remove Duplicate Registers                                                      ; On                                   ; On                                   ;
; Ignore CARRY Buffers                                                            ; Off                                  ; Off                                  ;
; Ignore CASCADE Buffers                                                          ; Off                                  ; Off                                  ;
; Ignore GLOBAL Buffers                                                           ; Off                                  ; Off                                  ;
; Ignore ROW GLOBAL Buffers                                                       ; Off                                  ; Off                                  ;
; Ignore LCELL Buffers                                                            ; Off                                  ; Off                                  ;
; Ignore SOFT Buffers                                                             ; On                                   ; On                                   ;
; Limit AHDL Integers to 32 Bits                                                  ; Off                                  ; Off                                  ;
; Optimization Technique                                                          ; Balanced                             ; Balanced                             ;
; Carry Chain Length                                                              ; 70                                   ; 70                                   ;
; Auto Carry Chains                                                               ; On                                   ; On                                   ;
; Auto Open-Drain Pins                                                            ; On                                   ; On                                   ;
; Perform WYSIWYG Primitive Resynthesis                                           ; Off                                  ; Off                                  ;
; Auto ROM Replacement                                                            ; On                                   ; On                                   ;
; Auto RAM Replacement                                                            ; On                                   ; On                                   ;
; Auto DSP Block Replacement                                                      ; On                                   ; On                                   ;
; Auto Shift Register Replacement                                                 ; Auto                                 ; Auto                                 ;
; Allow Shift Register Merging across Hierarchies                                 ; Auto                                 ; Auto                                 ;
; Auto Clock Enable Replacement                                                   ; On                                   ; On                                   ;
; Strict RAM Replacement                                                          ; Off                                  ; Off                                  ;
; Allow Synchronous Control Signals                                               ; On                                   ; On                                   ;
; Force Use of Synchronous Clear Signals                                          ; Off                                  ; Off                                  ;
; Auto Resource Sharing                                                           ; Off                                  ; Off                                  ;
; Allow Any RAM Size For Recognition                                              ; Off                                  ; Off                                  ;
; Allow Any ROM Size For Recognition                                              ; Off                                  ; Off                                  ;
; Allow Any Shift Register Size For Recognition                                   ; Off                                  ; Off                                  ;
; Use LogicLock Constraints during Resource Balancing                             ; On                                   ; On                                   ;
; Ignore translate_off and synthesis_off directives                               ; Off                                  ; Off                                  ;
; Timing-Driven Synthesis                                                         ; On                                   ; On                                   ;
; Report Parameter Settings                                                       ; On                                   ; On                                   ;
; Report Source Assignments                                                       ; On                                   ; On                                   ;
; Report Connectivity Checks                                                      ; On                                   ; On                                   ;
; Ignore Maximum Fan-Out Assignments                                              ; Off                                  ; Off                                  ;
; Synchronization Register Chain Length                                           ; 3                                    ; 3                                    ;
; Power Optimization During Synthesis                                             ; Normal compilation                   ; Normal compilation                   ;
; HDL message level                                                               ; Level2                               ; Level2                               ;
; Suppress Register Optimization Related Messages                                 ; Off                                  ; Off                                  ;
; Number of Removed Registers Reported in Synthesis Report                        ; 5000                                 ; 5000                                 ;
; Number of Swept Nodes Reported in Synthesis Report                              ; 5000                                 ; 5000                                 ;
; Number of Inverted Registers Reported in Synthesis Report                       ; 100                                  ; 100                                  ;
; Clock MUX Protection                                                            ; On                                   ; On                                   ;
; Auto Gated Clock Conversion                                                     ; Off                                  ; Off                                  ;
; Block Design Naming                                                             ; Auto                                 ; Auto                                 ;
; SDC constraint protection                                                       ; Off                                  ; Off                                  ;
; Synthesis Effort                                                                ; Auto                                 ; Auto                                 ;
; Shift Register Replacement - Allow Asynchronous Clear Signal                    ; On                                   ; On                                   ;
; Pre-Mapping Resynthesis Optimization                                            ; Off                                  ; Off                                  ;
; Analysis & Synthesis Message Level                                              ; Medium                               ; Medium                               ;
; Disable Register Merging Across Hierarchies                                     ; Auto                                 ; Auto                                 ;
; Resource Aware Inference For Block RAM                                          ; On                                   ; On                                   ;
; Automatic Parallel Synthesis                                                    ; On                                   ; On                                   ;
; Partial Reconfiguration Bitstream ID                                            ; Off                                  ; Off                                  ;
+---------------------------------------------------------------------------------+--------------------------------------+--------------------------------------+


+------------------------------------------+
; Parallel Compilation                     ;
+----------------------------+-------------+
; Processors                 ; Number      ;
+----------------------------+-------------+
; Number detected on machine ; 6           ;
; Maximum allowed            ; 6           ;
;                            ;             ;
; Average used               ; 1.00        ;
; Maximum used               ; 6           ;
;                            ;             ;
; Usage by Processor         ; % Time Used ;
;     Processor 1            ; 100.0%      ;
;     Processors 2-6         ;   0.0%      ;
+----------------------------+-------------+


+--------------------------------------------------------------------------------------------------------------------------------------------------------------------------------------------+
; Analysis & Synthesis Source Files Read                                                                                                                                                     ;
+------------------------------------------+-----------------+------------------------------+--------------------------------------------------------------------------------------+---------+
; File Name with User-Entered Path         ; Used in Netlist ; File Type                    ; File Name with Absolute Path                                                         ; Library ;
+------------------------------------------+-----------------+------------------------------+--------------------------------------------------------------------------------------+---------+
; Bulls_and_Cows_2019265006_2019265093.vhd ; yes             ; User VHDL File               ; D:/SOC/Bulls_and_Cows_2019265006_2019265093/Bulls_and_Cows_2019265006_2019265093.vhd ;         ;
; lpm_divide.tdf                           ; yes             ; Megafunction                 ; c:/intelfpga_lite/18.1/quartus/libraries/megafunctions/lpm_divide.tdf                ;         ;
; abs_divider.inc                          ; yes             ; Megafunction                 ; c:/intelfpga_lite/18.1/quartus/libraries/megafunctions/abs_divider.inc               ;         ;
; sign_div_unsign.inc                      ; yes             ; Megafunction                 ; c:/intelfpga_lite/18.1/quartus/libraries/megafunctions/sign_div_unsign.inc           ;         ;
; aglobal181.inc                           ; yes             ; Megafunction                 ; c:/intelfpga_lite/18.1/quartus/libraries/megafunctions/aglobal181.inc                ;         ;
; db/lpm_divide_42m.tdf                    ; yes             ; Auto-Generated Megafunction  ; D:/SOC/Bulls_and_Cows_2019265006_2019265093/db/lpm_divide_42m.tdf                    ;         ;
; db/sign_div_unsign_7kh.tdf               ; yes             ; Auto-Generated Megafunction  ; D:/SOC/Bulls_and_Cows_2019265006_2019265093/db/sign_div_unsign_7kh.tdf               ;         ;
; db/alt_u_div_kse.tdf                     ; yes             ; Auto-Generated Megafunction  ; D:/SOC/Bulls_and_Cows_2019265006_2019265093/db/alt_u_div_kse.tdf                     ;         ;
+------------------------------------------+-----------------+------------------------------+--------------------------------------------------------------------------------------+---------+


+---------------------------------------------------------+
; Analysis & Synthesis Resource Usage Summary             ;
+---------------------------------------------+-----------+
; Resource                                    ; Usage     ;
+---------------------------------------------+-----------+
; Estimate of Logic utilization (ALMs needed) ; 105       ;
;                                             ;           ;
; Combinational ALUT usage for logic          ; 171       ;
;     -- 7 input functions                    ; 0         ;
;     -- 6 input functions                    ; 34        ;
;     -- 5 input functions                    ; 10        ;
;     -- 4 input functions                    ; 8         ;
;     -- <=3 input functions                  ; 119       ;
;                                             ;           ;
; Dedicated logic registers                   ; 173       ;
;                                             ;           ;
; I/O pins                                    ; 35        ;
;                                             ;           ;
; Total DSP Blocks                            ; 0         ;
;                                             ;           ;
; Maximum fan-out node                        ; clk~input ;
; Maximum fan-out                             ; 173       ;
; Total fan-out                               ; 1303      ;
; Average fan-out                             ; 3.15      ;
+---------------------------------------------+-----------+


+-----------------------------------------------------------------------------------------------------------------------------------------------------------------------------------------------------------------------------------------------------------------------------------------------------------------------------------------------+
; Analysis & Synthesis Resource Utilization by Entity                                                                                                                                                                                                                                                                                           ;
+----------------------------------------+---------------------+---------------------------+-------------------+------------+------+--------------+---------------------------------------------------------------------------------------------------------------------------------------+--------------------------------------+--------------+
; Compilation Hierarchy Node             ; Combinational ALUTs ; Dedicated Logic Registers ; Block Memory Bits ; DSP Blocks ; Pins ; Virtual Pins ; Full Hierarchy Name                                                                                                                   ; Entity Name                          ; Library Name ;
+----------------------------------------+---------------------+---------------------------+-------------------+------------+------+--------------+---------------------------------------------------------------------------------------------------------------------------------------+--------------------------------------+--------------+
; |Bulls_and_Cows_2019265006_2019265093  ; 171 (166)           ; 173 (173)                 ; 0                 ; 0          ; 35   ; 0            ; |Bulls_and_Cows_2019265006_2019265093                                                                                                 ; Bulls_and_Cows_2019265006_2019265093 ; work         ;
;    |lpm_divide:Mod0|                   ; 5 (0)               ; 0 (0)                     ; 0                 ; 0          ; 0    ; 0            ; |Bulls_and_Cows_2019265006_2019265093|lpm_divide:Mod0                                                                                 ; lpm_divide                           ; work         ;
;       |lpm_divide_42m:auto_generated|  ; 5 (0)               ; 0 (0)                     ; 0                 ; 0          ; 0    ; 0            ; |Bulls_and_Cows_2019265006_2019265093|lpm_divide:Mod0|lpm_divide_42m:auto_generated                                                   ; lpm_divide_42m                       ; work         ;
;          |sign_div_unsign_7kh:divider| ; 5 (0)               ; 0 (0)                     ; 0                 ; 0          ; 0    ; 0            ; |Bulls_and_Cows_2019265006_2019265093|lpm_divide:Mod0|lpm_divide_42m:auto_generated|sign_div_unsign_7kh:divider                       ; sign_div_unsign_7kh                  ; work         ;
;             |alt_u_div_kse:divider|    ; 5 (5)               ; 0 (0)                     ; 0                 ; 0          ; 0    ; 0            ; |Bulls_and_Cows_2019265006_2019265093|lpm_divide:Mod0|lpm_divide_42m:auto_generated|sign_div_unsign_7kh:divider|alt_u_div_kse:divider ; alt_u_div_kse                        ; work         ;
+----------------------------------------+---------------------+---------------------------+-------------------+------------+------+--------------+---------------------------------------------------------------------------------------------------------------------------------------+--------------------------------------+--------------+
Note: For table entries with two numbers listed, the numbers in parentheses indicate the number of resources of the given type used by the specific entity alone. The numbers listed outside of parentheses indicate the total resources of the given type used by the specific entity and all of its sub-entities in the hierarchy.


Encoding Type:  One-Hot
+---------------------------------------------------------------------------------------------------------------+
; State Machine - |Bulls_and_Cows_2019265006_2019265093|state                                                   ;
+----------------------+----------------------+--------------------+---------------------+----------------------+
; Name                 ; state.DISPLAY_RESULT ; state.CHECK_RESULT ; state.PROCESS_INPUT ; state.WAIT_FOR_INPUT ;
+----------------------+----------------------+--------------------+---------------------+----------------------+
; state.WAIT_FOR_INPUT ; 0                    ; 0                  ; 0                   ; 0                    ;
; state.PROCESS_INPUT  ; 0                    ; 0                  ; 1                   ; 1                    ;
; state.CHECK_RESULT   ; 0                    ; 1                  ; 0                   ; 1                    ;
; state.DISPLAY_RESULT ; 1                    ; 0                  ; 0                   ; 1                    ;
+----------------------+----------------------+--------------------+---------------------+----------------------+


+-----------------------------------------------------------------+
; Registers Removed During Synthesis                              ;
+----------------------------------------+------------------------+
; Register name                          ; Reason for Removal     ;
+----------------------------------------+------------------------+
; secret2[3]                             ; Merged with secret1[3] ;
; secret3[3]                             ; Merged with secret1[3] ;
; secret4[3]                             ; Merged with secret1[3] ;
; secret2[2]                             ; Merged with secret1[2] ;
; secret3[2]                             ; Merged with secret1[2] ;
; secret4[2]                             ; Merged with secret1[2] ;
; secret2[1]                             ; Merged with secret1[1] ;
; secret3[1]                             ; Merged with secret1[1] ;
; secret4[1]                             ; Merged with secret1[1] ;
; secret2[0]                             ; Merged with secret1[0] ;
; secret3[0]                             ; Merged with secret1[0] ;
; secret4[0]                             ; Merged with secret1[0] ;
; lfsr2[3]                               ; Merged with lfsr1[3]   ;
; lfsr3[3]                               ; Merged with lfsr1[3]   ;
; lfsr4[3]                               ; Merged with lfsr1[3]   ;
; lfsr2[2]                               ; Merged with lfsr1[2]   ;
; lfsr3[2]                               ; Merged with lfsr1[2]   ;
; lfsr4[2]                               ; Merged with lfsr1[2]   ;
; lfsr2[1]                               ; Merged with lfsr1[1]   ;
; lfsr3[1]                               ; Merged with lfsr1[1]   ;
; lfsr4[1]                               ; Merged with lfsr1[1]   ;
; lfsr2[0]                               ; Merged with lfsr1[0]   ;
; lfsr3[0]                               ; Merged with lfsr1[0]   ;
; lfsr4[0]                               ; Merged with lfsr1[0]   ;
; Total Number of Removed Registers = 24 ;                        ;
+----------------------------------------+------------------------+


+------------------------------------------------------+
; General Register Statistics                          ;
+----------------------------------------------+-------+
; Statistic                                    ; Value ;
+----------------------------------------------+-------+
; Total registers                              ; 173   ;
; Number of registers using Synchronous Clear  ; 76    ;
; Number of registers using Synchronous Load   ; 4     ;
; Number of registers using Asynchronous Clear ; 142   ;
; Number of registers using Asynchronous Load  ; 0     ;
; Number of registers using Clock Enable       ; 147   ;
; Number of registers using Preset             ; 0     ;
+----------------------------------------------+-------+


+--------------------------------------------------+
; Inverted Register Statistics                     ;
+----------------------------------------+---------+
; Inverted Register                      ; Fan out ;
+----------------------------------------+---------+
; attempts[0]                            ; 4       ;
; attempts[3]                            ; 3       ;
; Total number of inverted registers = 2 ;         ;
+----------------------------------------+---------+


+-------------------------------------------------------------------------------------------------------------------------------------------------------------------+
; Multiplexer Restructuring Statistics (Restructuring Performed)                                                                                                    ;
+--------------------+-----------+---------------+----------------------+------------------------+------------+-----------------------------------------------------+
; Multiplexer Inputs ; Bus Width ; Baseline Area ; Area if Restructured ; Saving if Restructured ; Registered ; Example Multiplexer Output                          ;
+--------------------+-----------+---------------+----------------------+------------------------+------------+-----------------------------------------------------+
; 3:1                ; 3 bits    ; 6 LEs         ; 6 LEs                ; 0 LEs                  ; Yes        ; |Bulls_and_Cows_2019265006_2019265093|seg[3]~reg0   ;
; 3:1                ; 12 bits   ; 24 LEs        ; 12 LEs               ; 12 LEs                 ; Yes        ; |Bulls_and_Cows_2019265006_2019265093|led[4]~reg0   ;
; 3:1                ; 32 bits   ; 64 LEs        ; 0 LEs                ; 64 LEs                 ; Yes        ; |Bulls_and_Cows_2019265006_2019265093|bit_count[22] ;
+--------------------+-----------+---------------+----------------------+------------------------+------------+-----------------------------------------------------+


+------------------------------------------------------------------+
; Parameter Settings for Inferred Entity Instance: lpm_divide:Mod0 ;
+------------------------+----------------+------------------------+
; Parameter Name         ; Value          ; Type                   ;
+------------------------+----------------+------------------------+
; LPM_WIDTHN             ; 4              ; Untyped                ;
; LPM_WIDTHD             ; 4              ; Untyped                ;
; LPM_NREPRESENTATION    ; UNSIGNED       ; Untyped                ;
; LPM_DREPRESENTATION    ; UNSIGNED       ; Untyped                ;
; LPM_PIPELINE           ; 0              ; Untyped                ;
; LPM_REMAINDERPOSITIVE  ; TRUE           ; Untyped                ;
; MAXIMIZE_SPEED         ; 5              ; Untyped                ;
; CBXI_PARAMETER         ; lpm_divide_42m ; Untyped                ;
; CARRY_CHAIN            ; MANUAL         ; Untyped                ;
; OPTIMIZE_FOR_SPEED     ; 5              ; Untyped                ;
; AUTO_CARRY_CHAINS      ; ON             ; AUTO_CARRY             ;
; IGNORE_CARRY_BUFFERS   ; OFF            ; IGNORE_CARRY           ;
; AUTO_CASCADE_CHAINS    ; ON             ; AUTO_CASCADE           ;
; IGNORE_CASCADE_BUFFERS ; OFF            ; IGNORE_CASCADE         ;
+------------------------+----------------+------------------------+
Note: In order to hide this table in the UI and the text report file, please set the "Show Parameter Settings in Synthesis Report" option in "Analysis and Synthesis Settings -> More Settings" to "Off".


+-----------------------------------------------------+
; Post-Synthesis Netlist Statistics for Top Partition ;
+-----------------------+-----------------------------+
; Type                  ; Count                       ;
+-----------------------+-----------------------------+
; arriav_ff             ; 173                         ;
;     CLR               ; 26                          ;
;     ENA               ; 19                          ;
;     ENA CLR           ; 48                          ;
;     ENA CLR SCLR      ; 64                          ;
;     ENA CLR SLD       ; 4                           ;
;     ENA SCLR          ; 12                          ;
; arriav_lcell_comb     ; 172                         ;
;     arith             ; 96                          ;
;         1 data inputs ; 96                          ;
;     normal            ; 71                          ;
;         0 data inputs ; 1                           ;
;         1 data inputs ; 4                           ;
;         2 data inputs ; 11                          ;
;         3 data inputs ; 3                           ;
;         4 data inputs ; 8                           ;
;         5 data inputs ; 10                          ;
;         6 data inputs ; 34                          ;
;     shared            ; 5                           ;
;         0 data inputs ; 1                           ;
;         1 data inputs ; 4                           ;
; boundary_port         ; 35                          ;
;                       ;                             ;
; Max LUT depth         ; 4.10                        ;
; Average LUT depth     ; 2.79                        ;
+-----------------------+-----------------------------+


+-------------------------------+
; Elapsed Time Per Partition    ;
+----------------+--------------+
; Partition Name ; Elapsed Time ;
+----------------+--------------+
; Top            ; 00:00:00     ;
+----------------+--------------+


+-------------------------------+
; Analysis & Synthesis Messages ;
+-------------------------------+
Info: *******************************************************************
Info: Running Quartus Prime Analysis & Synthesis
    Info: Version 18.1.0 Build 625 09/12/2018 SJ Lite Edition
    Info: Processing started: Mon Jun 10 20:38:41 2024
Info: Command: quartus_map --read_settings_files=on --write_settings_files=off Bulls_and_Cows_2019265006_2019265093 -c Bulls_and_Cows_2019265006_2019265093
Warning (18236): Number of processors has not been specified which may cause overloading on shared machines.  Set the global assignment NUM_PARALLEL_PROCESSORS in your QSF to an appropriate value for best performance.
Info (20030): Parallel compilation is enabled and will use 6 of the 6 processors detected
Info (12021): Found 2 design units, including 1 entities, in source file bulls_and_cows_2019265006_2019265093.vhd
    Info (12022): Found design unit 1: Bulls_and_Cows_2019265006_2019265093-Behavioral File: D:/SOC/Bulls_and_Cows_2019265006_2019265093/Bulls_and_Cows_2019265006_2019265093.vhd Line: 20
    Info (12023): Found entity 1: Bulls_and_Cows_2019265006_2019265093 File: D:/SOC/Bulls_and_Cows_2019265006_2019265093/Bulls_and_Cows_2019265006_2019265093.vhd Line: 5
Info (12127): Elaborating entity "Bulls_and_Cows_2019265006_2019265093" for the top level hierarchy
Info (278001): Inferred 1 megafunctions from design logic
    Info (278004): Inferred divider/modulo megafunction ("lpm_divide") from the following logic: "Mod0" File: D:/SOC/Bulls_and_Cows_2019265006_2019265093/Bulls_and_Cows_2019265006_2019265093.vhd Line: 88
Info (12130): Elaborated megafunction instantiation "lpm_divide:Mod0" File: D:/SOC/Bulls_and_Cows_2019265006_2019265093/Bulls_and_Cows_2019265006_2019265093.vhd Line: 88
Info (12133): Instantiated megafunction "lpm_divide:Mod0" with the following parameter: File: D:/SOC/Bulls_and_Cows_2019265006_2019265093/Bulls_and_Cows_2019265006_2019265093.vhd Line: 88
    Info (12134): Parameter "LPM_WIDTHN" = "4"
    Info (12134): Parameter "LPM_WIDTHD" = "4"
    Info (12134): Parameter "LPM_NREPRESENTATION" = "UNSIGNED"
    Info (12134): Parameter "LPM_DREPRESENTATION" = "UNSIGNED"
Info (12021): Found 1 design units, including 1 entities, in source file db/lpm_divide_42m.tdf
    Info (12023): Found entity 1: lpm_divide_42m File: D:/SOC/Bulls_and_Cows_2019265006_2019265093/db/lpm_divide_42m.tdf Line: 24
Info (12021): Found 1 design units, including 1 entities, in source file db/sign_div_unsign_7kh.tdf
    Info (12023): Found entity 1: sign_div_unsign_7kh File: D:/SOC/Bulls_and_Cows_2019265006_2019265093/db/sign_div_unsign_7kh.tdf Line: 24
Info (12021): Found 1 design units, including 1 entities, in source file db/alt_u_div_kse.tdf
    Info (12023): Found entity 1: alt_u_div_kse File: D:/SOC/Bulls_and_Cows_2019265006_2019265093/db/alt_u_div_kse.tdf Line: 22
Warning (13024): Output pins are stuck at VCC or GND
    Warning (13410): Pin "uart_tx" is stuck at GND File: D:/SOC/Bulls_and_Cows_2019265006_2019265093/Bulls_and_Cows_2019265006_2019265093.vhd Line: 10
Info (286030): Timing-Driven Synthesis is running
Info (16010): Generating hard_block partition "hard_block:auto_generated_inst"
    Info (16011): Adding 0 node(s), including 0 DDIO, 0 PLL, 0 transceiver and 0 LCELL
Info (21057): Implemented 250 device resources after synthesis - the final resource count might be different
    Info (21058): Implemented 3 input pins
    Info (21059): Implemented 32 output pins
    Info (21061): Implemented 215 logic cells
Info: Quartus Prime Analysis & Synthesis was successful. 0 errors, 3 warnings
    Info: Peak virtual memory: 4869 megabytes
    Info: Processing ended: Mon Jun 10 20:38:52 2024
    Info: Elapsed time: 00:00:11
    Info: Total CPU time (on all processors): 00:00:20


